==20745== Memcheck, a memory error detector
==20745== Copyright (C) 2002-2017, and GNU GPL'd, by Julian Seward et al.
==20745== Using Valgrind-3.13.0 and LibVEX; rerun with -h for copyright info
==20745== Command: ./simplesh
==20745== 
--20745-- Valgrind options:
--20745--    --leak-check=full
--20745--    --show-leak-kinds=all
--20745--    --suppressions=libreadline.supp
--20745--    --trace-children=no
--20745--    --child-silent-after-fork=yes
--20745--    -v
--20745-- Contents of /proc/version:
--20745--   Linux version 4.15.0-65-generic (buildd@lgw01-amd64-006) (gcc version 7.4.0 (Ubuntu 7.4.0-1ubuntu1~18.04.1)) #74-Ubuntu SMP Tue Sep 17 17:06:04 UTC 2019
--20745-- 
--20745-- Arch and hwcaps: AMD64, LittleEndian, amd64-cx16-lzcnt-rdtscp-sse3-avx-avx2-bmi
--20745-- Page sizes: currently 4096, max supported 4096
--20745-- Valgrind library directory: /usr/lib/valgrind
--20745-- Reading syms from /home/jesus/Documents/GitHub/Universidad/ASO/Practica1/simplesh/simplesh
--20745-- Reading syms from /lib/x86_64-linux-gnu/ld-2.27.so
--20745--   Considering /lib/x86_64-linux-gnu/ld-2.27.so ..
--20745--   .. CRC mismatch (computed 1b7c895e wanted 2943108a)
--20745--   Considering /usr/lib/debug/lib/x86_64-linux-gnu/ld-2.27.so ..
--20745--   .. CRC is valid
--20745-- Reading syms from /usr/lib/valgrind/memcheck-amd64-linux
--20745--   Considering /usr/lib/valgrind/memcheck-amd64-linux ..
--20745--   .. CRC mismatch (computed c25f395c wanted 0a9602a8)
--20745--    object doesn't have a symbol table
--20745--    object doesn't have a dynamic symbol table
--20745-- Scheduler: using generic scheduler lock implementation.
--20745-- Reading suppressions file: libreadline.supp
--20745-- Reading suppressions file: /usr/lib/valgrind/default.supp
==20745== embedded gdbserver: reading from /tmp/vgdb-pipe-from-vgdb-to-20745-by-jesus-on-???
==20745== embedded gdbserver: writing to   /tmp/vgdb-pipe-to-vgdb-from-20745-by-jesus-on-???
==20745== embedded gdbserver: shared mem   /tmp/vgdb-pipe-shared-mem-vgdb-20745-by-jesus-on-???
==20745== 
==20745== TO CONTROL THIS PROCESS USING vgdb (which you probably
==20745== don't want to do, unless you know exactly what you're doing,
==20745== or are doing some strange experiment):
==20745==   /usr/lib/valgrind/../../bin/vgdb --pid=20745 ...command...
==20745== 
==20745== TO DEBUG THIS PROCESS USING GDB: start GDB like this
==20745==   /path/to/gdb ./simplesh
==20745== and then give GDB the following command
==20745==   target remote | /usr/lib/valgrind/../../bin/vgdb --pid=20745
==20745== --pid is optional if only one valgrind process is running
==20745== 
--20745-- REDIR: 0x401f2f0 (ld-linux-x86-64.so.2:strlen) redirected to 0x58060901 (???)
--20745-- REDIR: 0x401f0d0 (ld-linux-x86-64.so.2:index) redirected to 0x5806091b (???)
--20745-- Reading syms from /usr/lib/valgrind/vgpreload_core-amd64-linux.so
--20745--   Considering /usr/lib/valgrind/vgpreload_core-amd64-linux.so ..
--20745--   .. CRC mismatch (computed 4b63d83e wanted 670599e6)
--20745--    object doesn't have a symbol table
--20745-- Reading syms from /usr/lib/valgrind/vgpreload_memcheck-amd64-linux.so
--20745--   Considering /usr/lib/valgrind/vgpreload_memcheck-amd64-linux.so ..
--20745--   .. CRC mismatch (computed a4b37bee wanted 8ad4dc94)
--20745--    object doesn't have a symbol table
==20745== WARNING: new redirection conflicts with existing -- ignoring it
--20745--     old: 0x0401f2f0 (strlen              ) R-> (0000.0) 0x58060901 ???
--20745--     new: 0x0401f2f0 (strlen              ) R-> (2007.0) 0x04c32db0 strlen
--20745-- REDIR: 0x401d360 (ld-linux-x86-64.so.2:strcmp) redirected to 0x4c33ee0 (strcmp)
--20745-- REDIR: 0x401f830 (ld-linux-x86-64.so.2:mempcpy) redirected to 0x4c374f0 (mempcpy)
--20745-- Reading syms from /lib/x86_64-linux-gnu/libreadline.so.7.0
--20745--    object doesn't have a symbol table
--20745-- Reading syms from /lib/x86_64-linux-gnu/libc-2.27.so
--20745--   Considering /lib/x86_64-linux-gnu/libc-2.27.so ..
--20745--   .. CRC mismatch (computed b1c74187 wanted 042cc048)
--20745--   Considering /usr/lib/debug/lib/x86_64-linux-gnu/libc-2.27.so ..
--20745--   .. CRC is valid
--20745-- Reading syms from /lib/x86_64-linux-gnu/libtinfo.so.5.9
--20745--    object doesn't have a symbol table
--20745-- REDIR: 0x5123c70 (libc.so.6:memmove) redirected to 0x4a2a6e0 (_vgnU_ifunc_wrapper)
--20745-- REDIR: 0x5122d40 (libc.so.6:strncpy) redirected to 0x4a2a6e0 (_vgnU_ifunc_wrapper)
--20745-- REDIR: 0x5123f50 (libc.so.6:strcasecmp) redirected to 0x4a2a6e0 (_vgnU_ifunc_wrapper)
--20745-- REDIR: 0x5122790 (libc.so.6:strcat) redirected to 0x4a2a6e0 (_vgnU_ifunc_wrapper)
--20745-- REDIR: 0x5122d70 (libc.so.6:rindex) redirected to 0x4a2a6e0 (_vgnU_ifunc_wrapper)
--20745-- REDIR: 0x51257c0 (libc.so.6:rawmemchr) redirected to 0x4a2a6e0 (_vgnU_ifunc_wrapper)
--20745-- REDIR: 0x5123de0 (libc.so.6:mempcpy) redirected to 0x4a2a6e0 (_vgnU_ifunc_wrapper)
--20745-- REDIR: 0x5123c10 (libc.so.6:bcmp) redirected to 0x4a2a6e0 (_vgnU_ifunc_wrapper)
--20745-- REDIR: 0x5122d00 (libc.so.6:strncmp) redirected to 0x4a2a6e0 (_vgnU_ifunc_wrapper)
--20745-- REDIR: 0x5122800 (libc.so.6:strcmp) redirected to 0x4a2a6e0 (_vgnU_ifunc_wrapper)
--20745-- REDIR: 0x5123d40 (libc.so.6:memset) redirected to 0x4a2a6e0 (_vgnU_ifunc_wrapper)
--20745-- REDIR: 0x51410f0 (libc.so.6:wcschr) redirected to 0x4a2a6e0 (_vgnU_ifunc_wrapper)
--20745-- REDIR: 0x5122ca0 (libc.so.6:strnlen) redirected to 0x4a2a6e0 (_vgnU_ifunc_wrapper)
--20745-- REDIR: 0x5122870 (libc.so.6:strcspn) redirected to 0x4a2a6e0 (_vgnU_ifunc_wrapper)
--20745-- REDIR: 0x5123fa0 (libc.so.6:strncasecmp) redirected to 0x4a2a6e0 (_vgnU_ifunc_wrapper)
--20745-- REDIR: 0x5122840 (libc.so.6:strcpy) redirected to 0x4a2a6e0 (_vgnU_ifunc_wrapper)
--20745-- REDIR: 0x51240e0 (libc.so.6:memcpy@@GLIBC_2.14) redirected to 0x4a2a6e0 (_vgnU_ifunc_wrapper)
--20745-- REDIR: 0x5122da0 (libc.so.6:strpbrk) redirected to 0x4a2a6e0 (_vgnU_ifunc_wrapper)
--20745-- REDIR: 0x51227c0 (libc.so.6:index) redirected to 0x4a2a6e0 (_vgnU_ifunc_wrapper)
--20745-- REDIR: 0x5122c70 (libc.so.6:strlen) redirected to 0x4a2a6e0 (_vgnU_ifunc_wrapper)
--20745-- REDIR: 0x512d6c0 (libc.so.6:memrchr) redirected to 0x4a2a6e0 (_vgnU_ifunc_wrapper)
--20745-- REDIR: 0x5123ff0 (libc.so.6:strcasecmp_l) redirected to 0x4a2a6e0 (_vgnU_ifunc_wrapper)
--20745-- REDIR: 0x5123be0 (libc.so.6:memchr) redirected to 0x4a2a6e0 (_vgnU_ifunc_wrapper)
--20745-- REDIR: 0x5141eb0 (libc.so.6:wcslen) redirected to 0x4a2a6e0 (_vgnU_ifunc_wrapper)
--20745-- REDIR: 0x5123050 (libc.so.6:strspn) redirected to 0x4a2a6e0 (_vgnU_ifunc_wrapper)
--20745-- REDIR: 0x5123f20 (libc.so.6:stpncpy) redirected to 0x4a2a6e0 (_vgnU_ifunc_wrapper)
--20745-- REDIR: 0x5123ef0 (libc.so.6:stpcpy) redirected to 0x4a2a6e0 (_vgnU_ifunc_wrapper)
--20745-- REDIR: 0x51257f0 (libc.so.6:strchrnul) redirected to 0x4a2a6e0 (_vgnU_ifunc_wrapper)
--20745-- REDIR: 0x5124040 (libc.so.6:strncasecmp_l) redirected to 0x4a2a6e0 (_vgnU_ifunc_wrapper)
--20745-- REDIR: 0x5122cd0 (libc.so.6:strncat) redirected to 0x4a2a6e0 (_vgnU_ifunc_wrapper)
--20745-- REDIR: 0x51b68a0 (libc.so.6:__memcpy_chk) redirected to 0x4a2a6e0 (_vgnU_ifunc_wrapper)
--20745-- REDIR: 0x5123b20 (libc.so.6:strstr) redirected to 0x4a2a6e0 (_vgnU_ifunc_wrapper)
--20745-- REDIR: 0x52133c0 (libc.so.6:__strrchr_avx2) redirected to 0x4c32730 (rindex)
--20745-- REDIR: 0x50c7cb0 (libc.so.6:unsetenv) redirected to 0x4c37d40 (unsetenv)
--20745-- REDIR: 0x5212fa0 (libc.so.6:__strchr_avx2) redirected to 0x4c32950 (index)
--20745-- REDIR: 0x5213590 (libc.so.6:__strlen_avx2) redirected to 0x4c32cf0 (strlen)
--20745-- REDIR: 0x520a510 (libc.so.6:__strncmp_sse42) redirected to 0x4c33570 (__strncmp_sse42)
--20745-- REDIR: 0x511c070 (libc.so.6:malloc) redirected to 0x4c2faa0 (malloc)
--20745-- REDIR: 0x5123590 (libc.so.6:__GI_strstr) redirected to 0x4c37760 (__strstr_sse2)
--20745-- REDIR: 0x520f420 (libc.so.6:__memchr_avx2) redirected to 0x4c33f80 (memchr)
--20745-- REDIR: 0x5213ad0 (libc.so.6:__memcpy_avx_unaligned_erms) redirected to 0x4c366e0 (memmove)
--20745-- REDIR: 0x52131d0 (libc.so.6:__strchrnul_avx2) redirected to 0x4c37020 (strchrnul)
--20745-- REDIR: 0x5213ab0 (libc.so.6:__mempcpy_avx_unaligned_erms) redirected to 0x4c37130 (mempcpy)
--20745-- REDIR: 0x52115f0 (libc.so.6:__strncasecmp_avx) redirected to 0x4c336d0 (strncasecmp)
--20745-- REDIR: 0x511c950 (libc.so.6:free) redirected to 0x4c30cd0 (free)
--20745-- REDIR: 0x51eed60 (libc.so.6:__strcmp_ssse3) redirected to 0x4c33da0 (strcmp)
--20745-- REDIR: 0x5204c80 (libc.so.6:__stpcpy_ssse3) redirected to 0x4c35f60 (stpcpy)
--20745-- REDIR: 0x511f030 (libc.so.6:calloc) redirected to 0x4c31a70 (calloc)
--20745-- Reading syms from /lib/x86_64-linux-gnu/libnss_compat-2.27.so
--20745--   Considering /lib/x86_64-linux-gnu/libnss_compat-2.27.so ..
--20745--   .. CRC mismatch (computed afe25112 wanted 3a92b55b)
--20745--   Considering /usr/lib/debug/lib/x86_64-linux-gnu/libnss_compat-2.27.so ..
--20745--   .. CRC is valid
--20745-- REDIR: 0x5200950 (libc.so.6:__strcpy_ssse3) redirected to 0x4c32dd0 (strcpy)
--20745-- Reading syms from /lib/x86_64-linux-gnu/libnss_nis-2.27.so
--20745--   Considering /lib/x86_64-linux-gnu/libnss_nis-2.27.so ..
--20745--   .. CRC mismatch (computed 310534dc wanted 22d60ee8)
--20745--   Considering /usr/lib/debug/lib/x86_64-linux-gnu/libnss_nis-2.27.so ..
--20745--   .. CRC is valid
--20745-- Reading syms from /lib/x86_64-linux-gnu/libnsl-2.27.so
--20745--   Considering /lib/x86_64-linux-gnu/libnsl-2.27.so ..
--20745--   .. CRC mismatch (computed 5dfb2e24 wanted a9b787f5)
--20745--   Considering /usr/lib/debug/lib/x86_64-linux-gnu/libnsl-2.27.so ..
--20745--   .. CRC is valid
--20745-- Reading syms from /lib/x86_64-linux-gnu/libnss_files-2.27.so
--20745--   Considering /lib/x86_64-linux-gnu/libnss_files-2.27.so ..
--20745--   .. CRC mismatch (computed 5cdb0f74 wanted 1b4e69e7)
--20745--   Considering /usr/lib/debug/lib/x86_64-linux-gnu/libnss_files-2.27.so ..
--20745--   .. CRC is valid
--20745-- REDIR: 0x5213720 (libc.so.6:__strnlen_avx2) redirected to 0x4c32c90 (strnlen)
--20745-- REDIR: 0x5213ac0 (libc.so.6:__memcpy_chk_avx_unaligned_erms) redirected to 0x4c375e0 (__memcpy_chk)
--20745-- REDIR: 0x511dc30 (libc.so.6:realloc) redirected to 0x4c31cb0 (realloc)
--20745-- REDIR: 0x5202100 (libc.so.6:__strncpy_ssse3) redirected to 0x4c32fb0 (strncpy)
--20745-- REDIR: 0x50c7c50 (libc.so.6:setenv) redirected to 0x4c37de0 (setenv)
--20745-- REDIR: 0x520ff80 (libc.so.6:__strcasecmp_avx) redirected to 0x4c335f0 (strcasecmp)
--20745-- REDIR: 0x5213f50 (libc.so.6:__memset_avx2_unaligned_erms) redirected to 0x4c365d0 (memset)
--20745-- REDIR: 0x520fba0 (libc.so.6:__memcmp_avx2_movbe) redirected to 0x4c35e00 (bcmp)
--20745-- Discarding syms at 0x5aa12a0-0x5aa71c4 in /lib/x86_64-linux-gnu/libnss_compat-2.27.so due to munmap()
--20745-- Discarding syms at 0x5cac070-0x5cb30d9 in /lib/x86_64-linux-gnu/libnss_nis-2.27.so due to munmap()
--20745-- Discarding syms at 0x5eba090-0x5ec7807 in /lib/x86_64-linux-gnu/libnsl-2.27.so due to munmap()
--20745-- Discarding syms at 0x60d2350-0x60d8d7f in /lib/x86_64-linux-gnu/libnss_files-2.27.so due to munmap()
==20745== 
==20745== HEAP SUMMARY:
==20745==     in use at exit: 134,416 bytes in 199 blocks
==20745==   total heap usage: 546 allocs, 347 frees, 434,848 bytes allocated
==20745== 
==20745== Searching for pointers to 199 not-freed blocks
==20745== Checked 170,832 bytes
==20745== 
==20745== LEAK SUMMARY:
==20745==    definitely lost: 0 bytes in 0 blocks
==20745==    indirectly lost: 0 bytes in 0 blocks
==20745==      possibly lost: 0 bytes in 0 blocks
==20745==    still reachable: 0 bytes in 0 blocks
==20745==         suppressed: 134,416 bytes in 199 blocks
==20745== 
==20745== ERROR SUMMARY: 0 errors from 0 contexts (suppressed: 0 from 0)
--20745-- 
--20745-- used_suppression:     46 libreadline libreadline.supp:2 suppressed: 134,416 bytes in 199 blocks
==20745== 
==20745== ERROR SUMMARY: 0 errors from 0 contexts (suppressed: 0 from 0)
